<?xml version="1.0" encoding="UTF-8"?>
<!-- Generated by org.testng.reporters.JUnitReportReporter -->
<testsuite hostname="HAREESHMA-SARATH-IRISH" failures="0" tests="2" name="testClasses.DeductionTestClass" time="31.243" errors="0" timestamp="2024-08-01T23:49:27 IST" skipped="0">
  <testcase classname="testClasses.DeductionTestClass" name="verifyViewButtonClickOpensProfileViewPage" time="10.901"/>
  <system-out/>
  <testcase classname="testClasses.DeductionTestClass" name="searchAWorkerIsVisibleOrNotInTheList" time="20.342"/>
  <system-out/>
</testsuite> <!-- testClasses.DeductionTestClass -->
