<?xml version="1.0" encoding="UTF-8"?>
<!-- Generated by org.testng.reporters.JUnitReportReporter -->
<testsuite hostname="HAREESHMA-SARATH-IRISH" failures="0" tests="6" name="testClasses.ClientTestClass" time="103.031" errors="0" timestamp="2024-08-04T13:32:07 IST" skipped="0">
  <testcase classname="testClasses.ClientTestClass" name="verifyResetButtonIsWorkingOrNot" time="29.938"/>
  <system-out/>
  <testcase classname="testClasses.ClientTestClass" name="verifyResetButtonIsWorkingOrNot" time="10.858"/>
  <system-out/>
  <testcase classname="testClasses.ClientTestClass" name="verifySuccessfullSearchUsingClientId" time="13.405"/>
  <system-out/>
  <testcase classname="testClasses.ClientTestClass" name="verifySuccessfullSearchUsingClientId" time="10.074"/>
  <system-out/>
  <testcase classname="testClasses.ClientTestClass" name="verifyUnSuccessfullSearchUsingClentId" time="10.470"/>
  <system-out/>
  <testcase classname="testClasses.ClientTestClass" name="verifyUnSuccessfullSearchUsingClentId" time="28.286"/>
  <system-out/>
</testsuite> <!-- testClasses.ClientTestClass -->
