<?xml version="1.0" encoding="UTF-8"?>
<!-- Generated by org.testng.reporters.JUnitReportReporter -->
<testsuite hostname="HAREESHMA-SARATH-IRISH" failures="0" tests="2" name="testClasses.AddDeductionTestClass" time="42.622" errors="0" timestamp="2024-08-04T12:57:42 IST" skipped="1">
  <testcase classname="testClasses.AddDeductionTestClass" name="addDeductionSuccesfuly" time="21.837"/>
  <system-out/>
  <testcase classname="testClasses.AddDeductionTestClass" name="addDeductionSuccesfuly" time="20.785">
    <skipped/>
  </testcase> <!-- addDeductionSuccesfuly -->
  <system-out/>
</testsuite> <!-- testClasses.AddDeductionTestClass -->
