<?xml version="1.0" encoding="UTF-8"?>
<!-- Generated by org.testng.reporters.JUnitReportReporter -->
<testsuite hostname="HAREESHMA-SARATH-IRISH" failures="0" tests="14" name="testClasses.LoginTestClass" time="190.714" errors="0" timestamp="2024-08-04T13:32:07 IST" skipped="0">
  <testcase classname="testClasses.LoginTestClass" name="verifyTheExpectedPageIsOpenWhileHittingTheURL" time="6.157"/>
  <system-out/>
  <testcase classname="testClasses.LoginTestClass" name="verifyTheExpectedPageIsOpenWhileHittingTheURL" time="32.973"/>
  <system-out/>
  <testcase classname="testClasses.LoginTestClass" name="verifySuccessfullLogin" time="25.518"/>
  <system-out/>
  <testcase classname="testClasses.LoginTestClass" name="verifySuccessfullLogin" time="8.853"/>
  <system-out/>
  <testcase classname="testClasses.LoginTestClass" name="verifyUnsuccessfulLogin" time="28.936"/>
  <system-out/>
  <testcase classname="testClasses.LoginTestClass" name="verifyUnsuccessfulLogin" time="7.506"/>
  <system-out/>
  <testcase classname="testClasses.LoginTestClass" name="verifyUnsuccessfulLogin" time="8.596"/>
  <system-out/>
  <testcase classname="testClasses.LoginTestClass" name="verifyUnsuccessfulLogin" time="9.417"/>
  <system-out/>
  <testcase classname="testClasses.LoginTestClass" name="verifyUnsuccessfulLogin" time="9.032"/>
  <system-out/>
  <testcase classname="testClasses.LoginTestClass" name="verifyUnsuccessfulLogin" time="24.797"/>
  <system-out/>
  <testcase classname="testClasses.LoginTestClass" name="verifyCheckBoxRememberMeIsSelectedOrNot" time="7.466"/>
  <system-out/>
  <testcase classname="testClasses.LoginTestClass" name="verifyCheckBoxRememberMeIsSelectedOrNot" time="6.407"/>
  <system-out/>
  <testcase classname="testClasses.LoginTestClass" name="verifyTheForgetPasswordResetCliksDirectedToCorrectPageOrNot" time="8.122"/>
  <system-out/>
  <testcase classname="testClasses.LoginTestClass" name="verifyTheForgetPasswordResetCliksDirectedToCorrectPageOrNot" time="6.934"/>
  <system-out/>
</testsuite> <!-- testClasses.LoginTestClass -->
