<?xml version="1.0" encoding="UTF-8"?>
<!-- Generated by org.testng.reporters.JUnitReportReporter -->
<testsuite hostname="HAREESHMA-SARATH-IRISH" failures="0" tests="7" name="testClasses.LoginTestClass" time="61.617" errors="0" timestamp="2024-08-19T14:19:30 IST" skipped="0">
  <testcase classname="testClasses.LoginTestClass" name="verifyTheExpectedPageIsOpenWhileHittingTheURL" time="4.308"/>
  <system-out/>
  <testcase classname="testClasses.LoginTestClass" name="verifySuccessfullLogin" time="21.844"/>
  <system-out/>
  <testcase classname="testClasses.LoginTestClass" name="verifyUnsuccessfulLogin" time="6.178"/>
  <system-out/>
  <testcase classname="testClasses.LoginTestClass" name="verifyUnsuccessfulLogin" time="5.882"/>
  <system-out/>
  <testcase classname="testClasses.LoginTestClass" name="verifyUnsuccessfulLogin" time="7.388"/>
  <system-out/>
  <testcase classname="testClasses.LoginTestClass" name="verifyCheckBoxRememberMeIsSelectedOrNot" time="4.980"/>
  <system-out/>
  <testcase classname="testClasses.LoginTestClass" name="verifyTheForgetPasswordResetCliksDirectedToCorrectPageOrNot" time="11.037"/>
  <system-out/>
</testsuite> <!-- testClasses.LoginTestClass -->
