<?xml version="1.0" encoding="UTF-8"?>
<!-- Generated by org.testng.reporters.JUnitReportReporter -->
<testsuite hostname="HAREESHMA-SARATH-IRISH" failures="0" tests="7" name="testClasses.LoginTestClass" time="61.534" errors="0" timestamp="2024-08-01T23:59:25 IST" skipped="0">
  <testcase classname="testClasses.LoginTestClass" name="verifyTheExpectedPageIsOpenWhileHittingTheURL" time="7.653"/>
  <system-out/>
  <testcase classname="testClasses.LoginTestClass" name="verifySuccessfullLogin" time="10.088"/>
  <system-out/>
  <testcase classname="testClasses.LoginTestClass" name="verifyUnsuccessfulLogin" time="9.150"/>
  <system-out/>
  <testcase classname="testClasses.LoginTestClass" name="verifyUnsuccessfulLogin" time="9.248"/>
  <system-out/>
  <testcase classname="testClasses.LoginTestClass" name="verifyUnsuccessfulLogin" time="10.283"/>
  <system-out/>
  <testcase classname="testClasses.LoginTestClass" name="verifyCheckBoxRememberMeIsSelectedOrNot" time="7.586"/>
  <system-out/>
  <testcase classname="testClasses.LoginTestClass" name="verifyTheForgetPasswordResetCliksDirectedToCorrectPageOrNot" time="7.526"/>
  <system-out/>
</testsuite> <!-- testClasses.LoginTestClass -->
