<?xml version="1.0" encoding="UTF-8"?>
<!-- Generated by org.testng.reporters.JUnitReportReporter -->
<testsuite hostname="HAREESHMA-SARATH-IRISH" failures="0" tests="3" name="testClasses.AddDeductionTestClass" time="60.595" errors="0" timestamp="2024-08-04T13:32:07 IST" skipped="1">
  <testcase classname="testClasses.AddDeductionTestClass" name="addDeductionSuccesfuly" time="23.228">
    <skipped/>
  </testcase> <!-- addDeductionSuccesfuly -->
  <system-out/>
  <testcase classname="testClasses.AddDeductionTestClass" name="addDeductionSuccesfuly" time="19.856"/>
  <system-out/>
  <testcase classname="testClasses.AddDeductionTestClass" name="addDeductionSuccesfuly" time="17.511"/>
  <system-out/>
</testsuite> <!-- testClasses.AddDeductionTestClass -->
