<?xml version="1.0" encoding="UTF-8"?>
<!-- Generated by org.testng.reporters.JUnitReportReporter -->
<testsuite hostname="HAREESHMA-SARATH-IRISH" failures="0" tests="4" name="testClasses.PasswordResetTestClass" time="36.723" errors="0" timestamp="2024-08-01T23:59:25 IST" skipped="0">
  <testcase classname="testClasses.PasswordResetTestClass" name="verifyIncorrectMailIdSubmitShowsThereIsNoUserWithThisEmail" time="8.739"/>
  <system-out/>
  <testcase classname="testClasses.PasswordResetTestClass" name="verifyEmailCannotBeBlankMessageShowsWhenClikngSendButton" time="9.962"/>
  <system-out/>
  <testcase classname="testClasses.PasswordResetTestClass" name="verifyEmailIsNotAValidEmailAddress" time="8.623"/>
  <system-out/>
  <testcase classname="testClasses.PasswordResetTestClass" name="verifyCancelButtonClickRedirectToLoginPageOrNot" time="9.399"/>
  <system-out/>
</testsuite> <!-- testClasses.PasswordResetTestClass -->
