<?xml version="1.0" encoding="UTF-8"?>
<!-- Generated by org.testng.reporters.JUnitReportReporter -->
<testsuite hostname="HAREESHMA-SARATH-IRISH" failures="0" tests="4" name="testClasses.DeductionTestClass" time="69.324" errors="0" timestamp="2024-08-04T13:32:07 IST" skipped="0">
  <testcase classname="testClasses.DeductionTestClass" name="verifyViewButtonClickOpensProfileViewPage" time="12.385"/>
  <system-out/>
  <testcase classname="testClasses.DeductionTestClass" name="verifyViewButtonClickOpensProfileViewPage" time="9.985"/>
  <system-out/>
  <testcase classname="testClasses.DeductionTestClass" name="searchAWorkerIsVisibleOrNotInTheList" time="22.455"/>
  <system-out/>
  <testcase classname="testClasses.DeductionTestClass" name="searchAWorkerIsVisibleOrNotInTheList" time="24.499"/>
  <system-out/>
</testsuite> <!-- testClasses.DeductionTestClass -->
